2025-04-08 23:06:31,332 - INFO - PLTR 데이터 길이: 1136일
2025-04-08 23:06:31,332 - INFO - NVDA 데이터 길이: 1136일
2025-04-08 23:06:31,332 - INFO - SGOV 데이터 길이: 1136일
2025-04-08 23:06:31,333 - INFO - 
NaN 처리 전 데이터 길이: 1136
2025-04-08 23:06:31,333 - INFO - NaN 처리 후 데이터 길이: 1136
2025-04-08 23:06:31,333 - INFO - 제거된 데이터 수: 0
2025-04-08 23:06:31,333 - INFO - 
=== 종목별 통계량 ===
2025-04-08 23:06:31,338 - INFO - 
      연간 평균 수익률    연간 변동성      샤프 비율  최소 일간 수익률  최대 일간 수익률
PLTR   0.745254  0.729245   1.021953  -0.213080   0.308014
NVDA   0.596557  0.531961   1.121429  -0.169682   0.243696
SGOV   0.028582  0.002459  11.623010  -0.000299   0.000719
2025-04-08 23:06:31,338 - INFO - 
=== 종목 간 상관관계 ===
2025-04-08 23:06:31,339 - INFO - 
          PLTR      NVDA      SGOV
PLTR  1.000000  0.434040  0.009282
NVDA  0.434040  1.000000  0.038968
SGOV  0.009282  0.038968  1.000000
2025-04-08 23:06:31,339 - INFO - 
=== 종목 간 공분산 행렬 (연율화) ===
2025-04-08 23:06:31,341 - INFO - 
          PLTR      NVDA      SGOV
PLTR  0.531798  0.168377  0.000017
NVDA  0.168377  0.282983  0.000051
SGOV  0.000017  0.000051  0.000006
2025-04-08 23:06:31,344 - INFO - 
=== Risk Parity 최적화 비중 (과거 126일 기준, 비중 제약: 5%-60%) ===
2025-04-08 23:06:31,344 - INFO - PLTR: 0.1546
2025-04-08 23:06:31,344 - INFO - NVDA: 0.2454
2025-04-08 23:06:31,344 - INFO - SGOV: 0.6000
2025-04-08 23:06:31,344 - INFO - 

=== 수동 균등 비중 (연간 리밸런싱) 백테스트 결과 ===
2025-04-08 23:06:31,350 - INFO - 
=== 수동 균등 비중 (연간 리밸런싱) 수익률 통계 ===
2025-04-08 23:06:31,350 - INFO -               Annual Return  Annual Volatility  Sharpe Ratio
2020               0.385926           0.211994      1.820457
2021               0.276299           0.297931      0.927393
2022              -0.398319           0.420393     -0.947490
2023               1.252707           0.327003      3.830875
2024               1.476387           0.310431      4.755922
2025              -0.009983           0.245502     -0.040663
Total Period       0.481283           0.357717      1.345429
2025-04-08 23:06:31,353 - INFO - 
=== 수동 균등 비중 (연간 리밸런싱) 리밸런싱 정보 ===
2025-04-08 23:06:31,353 - INFO - 리밸런싱 날짜: 2020-09-30
2025-04-08 23:06:31,353 - INFO -   PLTR: 0.3333
2025-04-08 23:06:31,353 - INFO -   NVDA: 0.3333
2025-04-08 23:06:31,353 - INFO -   SGOV: 0.3333
2025-04-08 23:06:31,353 - INFO - 리밸런싱 날짜: 2022-01-03
2025-04-08 23:06:31,353 - INFO -   PLTR: 0.3333
2025-04-08 23:06:31,353 - INFO -   NVDA: 0.3333
2025-04-08 23:06:31,353 - INFO -   SGOV: 0.3333
2025-04-08 23:06:31,353 - INFO - 리밸런싱 날짜: 2023-01-03
2025-04-08 23:06:31,353 - INFO -   PLTR: 0.3333
2025-04-08 23:06:31,353 - INFO -   NVDA: 0.3333
2025-04-08 23:06:31,353 - INFO -   SGOV: 0.3333
2025-04-08 23:06:31,353 - INFO - 리밸런싱 날짜: 2024-01-02
2025-04-08 23:06:31,353 - INFO -   PLTR: 0.3333
2025-04-08 23:06:31,353 - INFO -   NVDA: 0.3333
2025-04-08 23:06:31,353 - INFO -   SGOV: 0.3333
2025-04-08 23:06:31,353 - INFO - 리밸런싱 날짜: 2025-01-02
2025-04-08 23:06:31,353 - INFO -   PLTR: 0.3333
2025-04-08 23:06:31,353 - INFO -   NVDA: 0.3333
2025-04-08 23:06:31,353 - INFO -   SGOV: 0.3333
2025-04-08 23:06:31,353 - INFO - 

=== 제약있는 Risk Parity (연간 리밸런싱) 백테스트 결과 ===
2025-04-08 23:06:31,366 - INFO - 
=== 제약있는 Risk Parity (연간 리밸런싱) 수익률 통계 ===
2025-04-08 23:06:31,366 - INFO -               Annual Return  Annual Volatility  Sharpe Ratio
2020           1.670325e-01           0.107950      1.547311
2021           2.243227e-01           0.169872      1.320539
2022          -2.411850e-01           0.251925     -0.957369
2023           6.838426e-01           0.194738      3.511602
2024           7.178132e-01           0.182516      3.932885
2025          -2.306152e-07           0.145092     -0.000002
Total Period   2.885912e-01           0.209129      1.379967
2025-04-08 23:06:31,369 - INFO - 
=== 제약있는 Risk Parity (연간 리밸런싱) 리밸런싱 정보 ===
2025-04-08 23:06:31,369 - INFO - 리밸런싱 날짜: 2020-09-30
2025-04-08 23:06:31,369 - INFO -   PLTR: 0.1546
2025-04-08 23:06:31,369 - INFO -   NVDA: 0.2454
2025-04-08 23:06:31,369 - INFO -   SGOV: 0.6000
2025-04-08 23:06:31,369 - INFO - 리밸런싱 날짜: 2022-01-03
2025-04-08 23:06:31,369 - INFO -   PLTR: 0.1970
2025-04-08 23:06:31,369 - INFO -   NVDA: 0.2030
2025-04-08 23:06:31,369 - INFO -   SGOV: 0.6000
2025-04-08 23:06:31,369 - INFO - 리밸런싱 날짜: 2023-01-03
2025-04-08 23:06:31,369 - INFO -   PLTR: 0.1940
2025-04-08 23:06:31,370 - INFO -   NVDA: 0.2060
2025-04-08 23:06:31,370 - INFO -   SGOV: 0.6000
2025-04-08 23:06:31,370 - INFO - 리밸런싱 날짜: 2024-01-02
2025-04-08 23:06:31,370 - INFO -   PLTR: 0.1348
2025-04-08 23:06:31,370 - INFO -   NVDA: 0.2652
2025-04-08 23:06:31,370 - INFO -   SGOV: 0.6000
2025-04-08 23:06:31,370 - INFO - 리밸런싱 날짜: 2025-01-02
2025-04-08 23:06:31,370 - INFO -   PLTR: 0.1813
2025-04-08 23:06:31,370 - INFO -   NVDA: 0.2187
2025-04-08 23:06:31,370 - INFO -   SGOV: 0.6000
2025-04-08 23:06:31,370 - INFO - 

=== 포트폴리오 비교 ===
2025-04-08 23:06:31,370 - INFO - 
=== 포트폴리오 성과 비교 ===
2025-04-08 23:06:31,370 - INFO -                               누적 수익률    연간 수익률    연간 변동성     샤프 비율
포트폴리오                                                             
수동 균등 비중 (연간 리밸런싱)          4.877944  0.481283  0.357717  1.345429
제약있는 Risk Parity (연간 리밸런싱)  2.136116  0.288591  0.209129  1.379967
2025-04-08 23:06:31,375 - INFO - 
=== 포트폴리오별 일별 수익률 (처음 5일) ===
2025-04-08 23:06:31,375 - INFO -    수동 균등 비중 (연간 리밸런싱)  제약있는 Risk Parity (연간 리밸런싱)
0            0.000000                    0.000000
1            0.000666                    0.000872
2           -0.022699                   -0.014233
3            0.008678                    0.008097
4            0.034398                    0.016564
2025-04-08 23:06:31,402 - INFO - 
=== 포트폴리오 성과 분석 ===
